1.25907
1531.25
27
1 2 3 4 5 6 7 8 9 10 11 12 13 14 15 16 17 18 19 20 21 22 23 24 25 26 27 28 29 30 31 32 33 34 35 36 37 38 39 40 41 42 43 44 45 46 47 48 49 50 
53.941 669.137 0->24->14->0
28.4571 477.883 0->27->6->0
63.2611 912.403 0->30->5->0
69.7166 738.036 0->43->23->0
70.3143 780.75 0->29->21->50->0
63.351 736.516 0->45->15->37->0
45.0797 839.951 0->38->49->46->0
88.5725 788.766 0->36->3->0
39.5852 806.783 0->4->18->0
18.868 235.85 0->47->0
87.2994 677.676 0->40->19->17->0
64.8999 908.599 0->20->0
53.1284 889.872 0->9->16->11->0
46.1736 646.43 0->25->0
66.2054 918.016 0->31->28->1->0
52.4626 883.945 0->22->2->0
57.3941 711.159 0->26->8->0
68 782 0->33->0
76.608 777.479 0->10->39->0
78.8162 669.938 0->35->0
58.3095 670.559 0->13->0
20 120 0->32->0
16.1245 233.805 0->12->0
60.959 822.947 0->41->0
53.5448 784.17 0->7->48->0
66.6165 858.843 0->42->44->0
63.561 826.293 0->34->0
