132.192
6248.4
42
1 2 3 4 5 6 7 8 9 10 11 12 13 14 15 16 17 18 19 20 21 22 23 24 25 26 27 28 29 30 31 32 33 34 35 36 37 38 39 40 41 42 43 44 45 46 47 48 49 50 51 52 53 54 55 56 57 58 59 60 61 62 63 64 65 66 67 68 69 70 71 72 73 74 75 76 77 78 79 80 81 82 83 84 85 86 87 88 89 90 91 92 93 94 95 96 97 98 99 100 101 102 103 104 105 106 107 108 109 110 111 112 113 114 115 116 117 118 119 120 
97.6785 1939.17 0->91->2->1->81->0
161.706 1806.29 0->24->22->18->0
92.4048 1819.56 0->7->10->83->113->117->112->111->0
104.153 1731.03 0->9->14->13->89->0
6.32456 12.6491 0->88->0
99.5229 1743.08 0->15->11->87->0
166.716 1776.26 0->27->25->0
164.387 1941.42 0->44->38->95->0
146.164 1881.03 0->17->114->90->92->0
107.866 1961.53 0->12->8->85->0
164.157 1894.48 0->19->28->0
158.083 1771.99 0->41->94->93->0
154.763 1868.97 0->21->23->20->0
174.067 1951.47 0->29->26->0
171.207 1788.5 0->30->31->0
107.985 1948.3 0->106->73->67->107->0
170.014 1950.15 0->57->54->98->0
92.7291 1926.26 0->6->4->3->5->84->86->0
114.186 1759.7 0->74->72->71->0
180.06 1992.13 0->46->49->50->96->0
168.397 1839.52 0->42->47->0
199.162 1752.55 0->66->60->0
113.137 1931.82 0->77->76->104->0
170.824 1868.7 0->48->45->0
187.414 1957.13 0->64->62->0
172.325 1637.09 0->59->0
166.255 1975.96 0->53->52->0
174.476 1767.04 0->58->100->99->101->102->0
178.281 1871.95 0->51->0
181.17 1985.27 0->56->80->78->0
151.506 1433.63 0->40->110->0
158.639 1489.54 0->43->115->0
181.75 1710.43 0->61->116->0
179.369 1748.26 0->33->34->36->35->32->0
193.281 1991.89 0->63->79->103->105->0
153.232 1700.82 0->37->109->0
173.506 1930.04 0->55->68->0
103.875 1761.08 0->69->70->120->0
152.015 1167.1 0->39->97->0
113.701 1989.77 0->75->0
183.848 1562.71 0->65->0
158.061 1867.23 0->16->108->118->82->119->0
